# JRE version: Java(TM) SE Runtime Environment (14.0.2+12) (build 14.0.2+12-46)
# Java VM: Java HotSpot(TM) 64-Bit Server VM (14.0.2+12-46, mixed mode, sharing, tiered, compressed oops, g1 gc, windows-amd64)
Heap:
 garbage-first heap   total 196608K, used 23399K [0x0000000741800000, 0x0000000800000000)
  region size 1024K, 12 young (12288K), 3 survivors (3072K)
 Metaspace       used 18832K, capacity 19268K, committed 19456K, reserved 1067008K
  class space    used 2039K, capacity 2214K, committed 2304K, reserved 1048576K
GC Heap History (6 events):
Event: 1.111 GC heap before
{Heap before GC invocations=0 (full 0):
 garbage-first heap   total 196608K, used 12288K [0x0000000741800000, 0x0000000800000000)
  region size 1024K, 13 young (13312K), 0 survivors (0K)
 Metaspace       used 9366K, capacity 9700K, committed 9856K, reserved 1058816K
  class space    used 997K, capacity 1136K, committed 1152K, reserved 1048576K
}
Event: 1.119 GC heap after
{Heap after GC invocations=1 (full 0):
 garbage-first heap   total 196608K, used 3578K [0x0000000741800000, 0x0000000800000000)
  region size 1024K, 2 young (2048K), 2 survivors (2048K)
 Metaspace       used 9366K, capacity 9700K, committed 9856K, reserved 1058816K
  class space    used 997K, capacity 1136K, committed 1152K, reserved 1048576K
}
Event: 1.936 GC heap before
{Heap before GC invocations=1 (full 0):
 garbage-first heap   total 196608K, used 17914K [0x0000000741800000, 0x0000000800000000)
  region size 1024K, 13 young (13312K), 2 survivors (2048K)
 Metaspace       used 16472K, capacity 16826K, committed 16896K, reserved 1064960K
  class space    used 1842K, capacity 2001K, committed 2048K, reserved 1048576K
}
Event: 1.941 GC heap after
{Heap after GC invocations=2 (full 0):
 garbage-first heap   total 196608K, used 7127K [0x0000000741800000, 0x0000000800000000)
  region size 1024K, 2 young (2048K), 2 survivors (2048K)
 Metaspace       used 16472K, capacity 16826K, committed 16896K, reserved 1064960K
  class space    used 1842K, capacity 2001K, committed 2048K, reserved 1048576K
}
Event: 13.688 GC heap before
{Heap before GC invocations=2 (full 0):
 garbage-first heap   total 196608K, used 37847K [0x0000000741800000, 0x0000000800000000)
  region size 1024K, 24 young (24576K), 2 survivors (2048K)
 Metaspace       used 18624K, capacity 19056K, committed 19200K, reserved 1067008K
  class space    used 2030K, capacity 2209K, committed 2304K, reserved 1048576K
}
Event: 13.694 GC heap after
{Heap after GC invocations=3 (full 0):
 garbage-first heap   total 196608K, used 15207K [0x0000000741800000, 0x0000000800000000)
  region size 1024K, 3 young (3072K), 3 survivors (3072K)
 Metaspace       used 18624K, capacity 19056K, committed 19200K, reserved 1067008K
  class space    used 2030K, capacity 2209K, committed 2304K, reserved 1048576K
}

